0 info it worked if it ends with ok
1 verbose cli [ '/usr/bin/node', '/usr/bin/npm', 'publish' ]
2 info using npm@2.11.3
3 info using node@v0.12.7
4 verbose node symlink /usr/bin/node
5 verbose publish [ '.' ]
6 silly cache add args [ '.', null ]
7 verbose cache add spec .
8 silly cache add parsed spec { raw: '.',
8 silly cache add   scope: null,
8 silly cache add   name: null,
8 silly cache add   rawSpec: '.',
8 silly cache add   spec: '/var/www/vkvadrate.local/source/node_modules/amd-define1',
8 silly cache add   type: 'directory' }
9 verbose addLocalDirectory /home/ryzhov/.npm/amd-define/1.0.0/package.tgz not in flight; packing
10 verbose tar pack [ '/home/ryzhov/.npm/amd-define/1.0.0/package.tgz',
10 verbose tar pack   '/var/www/vkvadrate.local/source/node_modules/amd-define1' ]
11 verbose tarball /home/ryzhov/.npm/amd-define/1.0.0/package.tgz
12 verbose folder /var/www/vkvadrate.local/source/node_modules/amd-define1
13 info prepublish amd-define@1.0.0
14 verbose addLocalTarball adding from inside cache /home/ryzhov/.npm/amd-define/1.0.0/package.tgz
15 silly cache afterAdd amd-define@1.0.0
16 verbose afterAdd /home/ryzhov/.npm/amd-define/1.0.0/package/package.json not in flight; writing
17 verbose afterAdd /home/ryzhov/.npm/amd-define/1.0.0/package/package.json written
18 silly publish { name: 'amd-define',
18 silly publish   version: '1.0.0',
18 silly publish   description: 'define() for node.js. Load dependencies in AMD-style on node.js',
18 silly publish   main: 'index.js',
18 silly publish   scripts: { test: 'echo "Error: no test specified" && exit 1' },
18 silly publish   repository:
18 silly publish    { type: 'git',
18 silly publish      url: 'git+https://github.com/artemryzhov/amd-define.git' },
18 silly publish   keywords: [ 'define', 'amd', 'require', 'amdefine' ],
18 silly publish   dependencies: { underscore: '>=1.5.0' },
18 silly publish   author:
18 silly publish    { name: 'Artem Ryzhov',
18 silly publish      email: 'ryzhov@kg-r.com',
18 silly publish      url: 'http://github.com/artemryzhov' },
18 silly publish   license: 'ISC',
18 silly publish   bugs: { url: 'https://github.com/artemryzhov/amd-define/issues' },
18 silly publish   homepage: 'https://github.com/artemryzhov/amd-define#readme',
18 silly publish   readme: '# amd-define\ndefine() for node.js. Load dependencies in AMD-style on node.js\n\n## Usage\n\nIn yourindex.js:\n```\nvar define = require(\'amd-define\')({\n    ignoreErrors: false\n});\nglobal.define = define;\n```\nIn yourmodule.js:\n```\ndefine(\'myModule\', [\n    \'backbone\', \n    \'underscore\'\n], function(\n    Backbone,\n    _\n) {\n    return Backbone.Model.extend({});\n});\n```\nor \n```\ndefine([\n    \'backbone\', \n    \'underscore\'\n], function(\n    Backbone,\n    _\n) {\n    return Backbone.Model.extend({});\n});\n```\n',
18 silly publish   readmeFilename: 'README.md',
18 silly publish   gitHead: '079c38fda10ca4fc03d56d669f35d1e0a28f8a7a',
18 silly publish   _id: 'amd-define@1.0.0',
18 silly publish   _shasum: 'a7853cf85a350395afb3e661241f1e320a0c0120',
18 silly publish   _from: '.' }
19 verbose getPublishConfig undefined
20 silly mapToRegistry name amd-define
21 silly mapToRegistry using default registry
22 silly mapToRegistry registry https://registry.npmjs.org/
23 silly mapToRegistry uri https://registry.npmjs.org/amd-define
24 verbose publish registryBase https://registry.npmjs.org/
25 silly publish uploading /home/ryzhov/.npm/amd-define/1.0.0/package.tgz
26 verbose request uri https://registry.npmjs.org/amd-define
27 verbose request sending authorization for write operation
28 info attempt registry request try #1 at 15:30:33
29 verbose request using bearer token for auth
30 verbose request id c45e1257d2b2f9cd
31 http request PUT https://registry.npmjs.org/amd-define
32 http 403 https://registry.npmjs.org/amd-define
33 verbose headers { 'content-type': 'application/json',
33 verbose headers   'cache-control': 'max-age=300',
33 verbose headers   'content-length': '95',
33 verbose headers   'accept-ranges': 'bytes',
33 verbose headers   date: 'Fri, 08 Jan 2016 13:30:35 GMT',
33 verbose headers   via: '1.1 varnish',
33 verbose headers   connection: 'keep-alive',
33 verbose headers   'x-served-by': 'cache-fra1234-FRA',
33 verbose headers   'x-cache': 'MISS',
33 verbose headers   'x-cache-hits': '0',
33 verbose headers   'x-timer': 'S1452259834.010840,VS0,VE1102' }
34 verbose request invalidating /home/ryzhov/.npm/registry.npmjs.org/amd-define on PUT
35 error publish Failed PUT 403
36 verbose stack Error: "You cannot publish over the previously published version 1.0.0." : amd-define
36 verbose stack     at CachingRegistryClient.<anonymous> (/usr/lib/node_modules/npm/node_modules/npm-registry-client/lib/request.js:247:14)
36 verbose stack     at Request._callback (/usr/lib/node_modules/npm/node_modules/npm-registry-client/lib/request.js:170:14)
36 verbose stack     at Request.self.callback (/usr/lib/node_modules/npm/node_modules/request/request.js:354:22)
36 verbose stack     at Request.emit (events.js:110:17)
36 verbose stack     at Request.<anonymous> (/usr/lib/node_modules/npm/node_modules/request/request.js:1207:14)
36 verbose stack     at Request.emit (events.js:129:20)
36 verbose stack     at IncomingMessage.<anonymous> (/usr/lib/node_modules/npm/node_modules/request/request.js:1153:12)
36 verbose stack     at IncomingMessage.emit (events.js:129:20)
36 verbose stack     at _stream_readable.js:908:16
36 verbose stack     at process._tickCallback (node.js:355:11)
37 verbose statusCode 403
38 verbose pkgid amd-define
39 verbose cwd /var/www/vkvadrate.local/source/node_modules/amd-define1
40 error Linux 3.13.0-52-generic
41 error argv "/usr/bin/node" "/usr/bin/npm" "publish"
42 error node v0.12.7
43 error npm  v2.11.3
44 error code E403
45 error "You cannot publish over the previously published version 1.0.0." : amd-define
46 error If you need help, you may report this error at:
46 error     <https://github.com/npm/npm/issues>
47 verbose exit [ 1, true ]
